Using pre-set license
Built from '2020.3/staging' branch; Version is '2020.3.0f1 (c7b5465681fb) revision 13088070'; Using compiler version '192528614'; Build Type 'Release'
OS: 'Windows 10 Home; OS build 19042.867; Version 2009; 64bit' Language: 'en' Physical Memory: 32699 MB
BatchMode: 1, IsHumanControllingUs: 0, StartBugReporterOnCrash: 0, Is64bit: 1, IsPro: 0

 COMMAND LINE ARGUMENTS:
C:\Program Files\Unity\2020.3.0f1\Editor\Unity.exe
-adb2
-batchMode
-noUpm
-name
AssetImportWorker0
-projectPath
C:/Users/danny/code/_games/BossBattle
-logFile
Logs/AssetImportWorker0.log
-srvPort
51401
Successfully changed project path to: C:/Users/danny/code/_games/BossBattle
C:/Users/danny/code/_games/BossBattle
Using Asset Import Pipeline V2.
Refreshing native plugins compatible for Editor in 96.18 ms, found 1 plugins.
Preloading 0 native plugins for Editor in 0.00 ms.
Initialize engine version: 2020.3.0f1 (c7b5465681fb)
[Subsystems] Discovering subsystems at path C:/Program Files/Unity/2020.3.0f1/Editor/Data/Resources/UnitySubsystems
[Subsystems] Discovering subsystems at path C:/Users/danny/code/_games/BossBattle/Assets
GfxDevice: creating device client; threaded=0
Direct3D:
    Version:  Direct3D 11.0 [level 11.1]
    Renderer: NVIDIA GeForce RTX 2070 SUPER (ID=0x1e84)
    Vendor:   
    VRAM:     8011 MB
    Driver:   27.21.14.6192
Initialize mono
Mono path[0] = 'C:/Program Files/Unity/2020.3.0f1/Editor/Data/Managed'
Mono path[1] = 'C:/Program Files/Unity/2020.3.0f1/Editor/Data/MonoBleedingEdge/lib/mono/unityjit'
Mono config path = 'C:/Program Files/Unity/2020.3.0f1/Editor/Data/MonoBleedingEdge/etc'
Using monoOptions --debugger-agent=transport=dt_socket,embedding=1,server=y,suspend=n,address=127.0.0.1:56508
Begin MonoManager ReloadAssembly
Registering precompiled unity dll's ...
Register platform support module: C:/Program Files/Unity/2020.3.0f1/Editor/Data/PlaybackEngines/WindowsStandaloneSupport/UnityEditor.WindowsStandalone.Extensions.dll
Registered in 0.089456 seconds.
Native extension for WindowsStandalone target not found
Refreshing native plugins compatible for Editor in 35.00 ms, found 1 plugins.
Preloading 0 native plugins for Editor in 0.00 ms.
Invoked RoslynAnalysisRunner static constructor.
RoslynAnalysisRunner will not be running.
RoslynAnalysisRunner has terminated.
Mono: successfully reloaded assembly
- Completed reload, in  3.490 seconds
Platform modules already initialized, skipping
Registering precompiled user dll's ...
Registered in 0.036608 seconds.
Begin MonoManager ReloadAssembly
Native extension for WindowsStandalone target not found
Refreshing native plugins compatible for Editor in 35.52 ms, found 1 plugins.
Preloading 0 native plugins for Editor in 0.00 ms.
Invoked RoslynAnalysisRunner static constructor.
RoslynAnalysisRunner will not be running.
RoslynAnalysisRunner has terminated.
Mono: successfully reloaded assembly
- Completed reload, in  2.468 seconds
Platform modules already initialized, skipping
========================================================================
Worker process is ready to serve import requests
Launched and connected shader compiler UnityShaderCompiler.exe after 0.08 seconds
Refreshing native plugins compatible for Editor in 0.47 ms, found 1 plugins.
Preloading 0 native plugins for Editor in 0.00 ms.
Unloading 1806 Unused Serialized files (Serialized files now loaded: 0)
System memory in use before: 84.5 MB.
System memory in use after: 84.5 MB.

Unloading 24 unused Assets to reduce memory usage. Loaded Objects now: 2248.
Total: 2.360800 ms (FindLiveObjects: 0.205200 ms CreateObjectMapping: 0.047400 ms MarkObjects: 1.974600 ms  DeleteObjects: 0.132600 ms)

========================================================================
Received Import Request.
  path: Assets/Scenes/Main.unity
  artifactKey: Guid(2cda990e2423bbf4892e6590ba056729) Importer(815301076,1909f56bfc062723c751e8b465ee728b)
Start importing Assets/Scenes/Main.unity using Guid(2cda990e2423bbf4892e6590ba056729) Importer(815301076,1909f56bfc062723c751e8b465ee728b)  -> (artifact id: '0aabf67f6eb1c4f0a498d82e725e2c5a') in 0.017201 seconds
  Import took 0.020340 seconds .

========================================================================
Received Import Request.
  Time since last request: 85.673859 seconds.
  path: Assets
  artifactKey: Guid(00000000000000001000000000000000) Importer(815301076,1909f56bfc062723c751e8b465ee728b)
Start importing Assets using Guid(00000000000000001000000000000000) Importer(815301076,1909f56bfc062723c751e8b465ee728b)  -> (artifact id: '42baae205c97e3337697759514652acd') in 0.008703 seconds
  Import took 0.012061 seconds .

========================================================================
Received Import Request.
  Time since last request: 5.251105 seconds.
  path: Assets/Scripts
  artifactKey: Guid(b14c328a81b0afe46b8dc67d1215c59b) Importer(815301076,1909f56bfc062723c751e8b465ee728b)
Start importing Assets/Scripts using Guid(b14c328a81b0afe46b8dc67d1215c59b) Importer(815301076,1909f56bfc062723c751e8b465ee728b)  -> (artifact id: 'd8561ad043076c26ecdc5d12274b55f6') in 0.007494 seconds
  Import took 0.010760 seconds .

========================================================================
Received Import Request.
  Time since last request: 9.684425 seconds.
  path: Assets/Scripts/Game.cs
  artifactKey: Guid(48afd921e6a731a46b4e7a9ee8fdf74b) Importer(815301076,1909f56bfc062723c751e8b465ee728b)
Start importing Assets/Scripts/Game.cs using Guid(48afd921e6a731a46b4e7a9ee8fdf74b) Importer(815301076,1909f56bfc062723c751e8b465ee728b)  -> (artifact id: 'c2902d7f35c1a20b4b7314f504befa7f') in 0.050534 seconds
  Import took 0.053440 seconds .

========================================================================
Received Prepare
Registering precompiled user dll's ...
Registered in 0.001102 seconds.
Begin MonoManager ReloadAssembly
Native extension for WindowsStandalone target not found
Refreshing native plugins compatible for Editor in 0.34 ms, found 1 plugins.
Preloading 0 native plugins for Editor in 0.00 ms.
Invoked RoslynAnalysisRunner static constructor.
RoslynAnalysisRunner will not be running.
RoslynAnalysisRunner has terminated.
Mono: successfully reloaded assembly
- Completed reload, in  0.854 seconds
Platform modules already initialized, skipping
Refreshing native plugins compatible for Editor in 0.34 ms, found 1 plugins.
Preloading 0 native plugins for Editor in 0.00 ms.
Unloading 1802 Unused Serialized files (Serialized files now loaded: 0)
System memory in use before: 84.5 MB.
System memory in use after: 84.5 MB.

Unloading 12 unused Assets to reduce memory usage. Loaded Objects now: 2253.
Total: 2.040500 ms (FindLiveObjects: 0.197400 ms CreateObjectMapping: 0.044200 ms MarkObjects: 1.678000 ms  DeleteObjects: 0.119900 ms)

========================================================================
Received Import Request.
  Time since last request: 1097.878928 seconds.
  path: Assets/Scenes
  artifactKey: Guid(4e452173efbd223408f90164f1969aff) Importer(815301076,1909f56bfc062723c751e8b465ee728b)
Start importing Assets/Scenes using Guid(4e452173efbd223408f90164f1969aff) Importer(815301076,1909f56bfc062723c751e8b465ee728b)  -> (artifact id: 'b4fd6bbc9fa599565e2bcdacb5764244') in 0.012617 seconds
  Import took 0.017200 seconds .

========================================================================
Received Import Request.
  Time since last request: 14.495069 seconds.
  path: Assets/Prefabs
  artifactKey: Guid(cb93030fd150267498e839c6d19c80d8) Importer(815301076,1909f56bfc062723c751e8b465ee728b)
Start importing Assets/Prefabs using Guid(cb93030fd150267498e839c6d19c80d8) Importer(815301076,1909f56bfc062723c751e8b465ee728b)  -> (artifact id: 'b187a691909d1479962cfa0d24cb308d') in 0.007745 seconds
  Import took 0.010847 seconds .

========================================================================
Received Import Request.
  Time since last request: 0.005923 seconds.
  path: Assets/Prefabs
  artifactKey: Guid(cb93030fd150267498e839c6d19c80d8) Importer(815301076,1909f56bfc062723c751e8b465ee728b)
Start importing Assets/Prefabs using Guid(cb93030fd150267498e839c6d19c80d8) Importer(815301076,1909f56bfc062723c751e8b465ee728b)  -> (artifact id: 'b187a691909d1479962cfa0d24cb308d') in 0.003738 seconds
  Import took 0.006445 seconds .

========================================================================
Received Prepare
Registering precompiled user dll's ...
Registered in 0.000973 seconds.
Begin MonoManager ReloadAssembly
Native extension for WindowsStandalone target not found
Refreshing native plugins compatible for Editor in 0.57 ms, found 1 plugins.
Preloading 0 native plugins for Editor in 0.00 ms.
Invoked RoslynAnalysisRunner static constructor.
RoslynAnalysisRunner will not be running.
RoslynAnalysisRunner has terminated.
Mono: successfully reloaded assembly
- Completed reload, in  0.857 seconds
Platform modules already initialized, skipping
Refreshing native plugins compatible for Editor in 0.33 ms, found 1 plugins.
Preloading 0 native plugins for Editor in 0.00 ms.
Unloading 1803 Unused Serialized files (Serialized files now loaded: 0)
System memory in use before: 84.6 MB.
System memory in use after: 84.6 MB.

Unloading 12 unused Assets to reduce memory usage. Loaded Objects now: 2258.
Total: 2.041600 ms (FindLiveObjects: 0.193000 ms CreateObjectMapping: 0.047500 ms MarkObjects: 1.681000 ms  DeleteObjects: 0.119200 ms)

========================================================================
Received Import Request.
  Time since last request: 14.672283 seconds.
  path: Assets/Prefabs/GridCell.prefab
  artifactKey: Guid(ccd350ac8c7e0734fac628b27e27ecc9) Importer(815301076,1909f56bfc062723c751e8b465ee728b)
Start importing Assets/Prefabs/GridCell.prefab using Guid(ccd350ac8c7e0734fac628b27e27ecc9) Importer(815301076,1909f56bfc062723c751e8b465ee728b)  -> (artifact id: 'beb3f03e885e227a1ff76158a957699f') in 0.036959 seconds
  Import took 0.040254 seconds .

========================================================================
Received Import Request.
  Time since last request: 0.027552 seconds.
  path: Assets/Prefabs/GridCell.prefab
  artifactKey: Guid(ccd350ac8c7e0734fac628b27e27ecc9) Importer(815301076,1909f56bfc062723c751e8b465ee728b)
Start importing Assets/Prefabs/GridCell.prefab using Guid(ccd350ac8c7e0734fac628b27e27ecc9) Importer(815301076,1909f56bfc062723c751e8b465ee728b)  -> (artifact id: 'beb3f03e885e227a1ff76158a957699f') in 0.004874 seconds
  Import took 0.007721 seconds .

========================================================================
Received Import Request.
  Time since last request: 30.645582 seconds.
  path: Assets/Sprites
  artifactKey: Guid(6ad227d9b419e9046a31d7dd740f5039) Importer(815301076,1909f56bfc062723c751e8b465ee728b)
Start importing Assets/Sprites using Guid(6ad227d9b419e9046a31d7dd740f5039) Importer(815301076,1909f56bfc062723c751e8b465ee728b)  -> (artifact id: '142a6df984fd9d5d2536879824c27d82') in 0.007683 seconds
  Import took 0.010568 seconds .

========================================================================
Received Import Request.
  Time since last request: 9.710936 seconds.
  path: Assets/Sprites/GridCell.png
  artifactKey: Guid(3337f591fc725d34f9c8bdbf8e07e6e0) Importer(815301076,1909f56bfc062723c751e8b465ee728b)
Start importing Assets/Sprites/GridCell.png using Guid(3337f591fc725d34f9c8bdbf8e07e6e0) Importer(815301076,1909f56bfc062723c751e8b465ee728b)  -> (artifact id: '19c48b07428e75b90e8f7bf28514093c') in 0.117950 seconds
  Import took 0.121943 seconds .

========================================================================
Received Import Request.
  Time since last request: 8.598224 seconds.
  path: Assets/Prefabs/GridCell.prefab
  artifactKey: Guid(ccd350ac8c7e0734fac628b27e27ecc9) Importer(815301076,1909f56bfc062723c751e8b465ee728b)
Start importing Assets/Prefabs/GridCell.prefab using Guid(ccd350ac8c7e0734fac628b27e27ecc9) Importer(815301076,1909f56bfc062723c751e8b465ee728b)  -> (artifact id: '861a41d8084012987896123bf43cb4b8') in 0.031664 seconds
  Import took 0.034876 seconds .

========================================================================
Received Prepare
Registering precompiled user dll's ...
Registered in 0.001056 seconds.
Begin MonoManager ReloadAssembly
Native extension for WindowsStandalone target not found
Refreshing native plugins compatible for Editor in 0.34 ms, found 1 plugins.
Preloading 0 native plugins for Editor in 0.00 ms.
Invoked RoslynAnalysisRunner static constructor.
RoslynAnalysisRunner will not be running.
RoslynAnalysisRunner has terminated.
Mono: successfully reloaded assembly
- Completed reload, in  0.876 seconds
Platform modules already initialized, skipping
Refreshing native plugins compatible for Editor in 0.34 ms, found 1 plugins.
Preloading 0 native plugins for Editor in 0.00 ms.
Unloading 1803 Unused Serialized files (Serialized files now loaded: 0)
System memory in use before: 87.8 MB.
System memory in use after: 87.8 MB.

Unloading 12 unused Assets to reduce memory usage. Loaded Objects now: 2271.
Total: 1.950900 ms (FindLiveObjects: 0.190400 ms CreateObjectMapping: 0.046600 ms MarkObjects: 1.604200 ms  DeleteObjects: 0.108700 ms)

========================================================================
Received Prepare
Registering precompiled user dll's ...
Registered in 0.001000 seconds.
Begin MonoManager ReloadAssembly
Native extension for WindowsStandalone target not found
Refreshing native plugins compatible for Editor in 0.34 ms, found 1 plugins.
Preloading 0 native plugins for Editor in 0.00 ms.
Invoked RoslynAnalysisRunner static constructor.
RoslynAnalysisRunner will not be running.
RoslynAnalysisRunner has terminated.
Mono: successfully reloaded assembly
- Completed reload, in  0.852 seconds
Platform modules already initialized, skipping
Refreshing native plugins compatible for Editor in 0.37 ms, found 1 plugins.
Preloading 0 native plugins for Editor in 0.00 ms.
Unloading 1803 Unused Serialized files (Serialized files now loaded: 0)
System memory in use before: 87.8 MB.
System memory in use after: 87.8 MB.

Unloading 12 unused Assets to reduce memory usage. Loaded Objects now: 2275.
Total: 2.075600 ms (FindLiveObjects: 0.222400 ms CreateObjectMapping: 0.046000 ms MarkObjects: 1.687500 ms  DeleteObjects: 0.118400 ms)

========================================================================
Received Prepare
Registering precompiled user dll's ...
Registered in 0.001635 seconds.
Begin MonoManager ReloadAssembly
Native extension for WindowsStandalone target not found
Refreshing native plugins compatible for Editor in 0.37 ms, found 1 plugins.
Preloading 0 native plugins for Editor in 0.00 ms.
Invoked RoslynAnalysisRunner static constructor.
RoslynAnalysisRunner will not be running.
RoslynAnalysisRunner has terminated.
Mono: successfully reloaded assembly
- Completed reload, in  0.842 seconds
Platform modules already initialized, skipping
Refreshing native plugins compatible for Editor in 0.33 ms, found 1 plugins.
Preloading 0 native plugins for Editor in 0.00 ms.
Unloading 1803 Unused Serialized files (Serialized files now loaded: 0)
System memory in use before: 87.8 MB.
System memory in use after: 87.8 MB.

Unloading 12 unused Assets to reduce memory usage. Loaded Objects now: 2279.
Total: 2.053500 ms (FindLiveObjects: 0.194700 ms CreateObjectMapping: 0.044400 ms MarkObjects: 1.699400 ms  DeleteObjects: 0.113500 ms)

AssetImportWorkerClient::OnTransportError - code=2 error=End of file
